Using pre-set license
Built from '2020.2/staging' branch; Version is '2020.2.6f1 (8a2143876886) revision 9052483'; Using compiler version '192528614'; Build Type 'Release'
OS: 'Windows 10 Pro; OS build 19043.1151; Version 2009; 64bit' Language: 'tr' Physical Memory: 8103 MB
BatchMode: 1, IsHumanControllingUs: 0, StartBugReporterOnCrash: 0, Is64bit: 1, IsPro: 0

 COMMAND LINE ARGUMENTS:
C:\Program Files\Unity\Hub\Editor\2020.2.6f1\Editor\Unity.exe
-adb2
-batchMode
-noUpm
-name
AssetImportWorker0
-projectPath
C:/Users/Totoro/Documents/GitHub/HyperBall
-logFile
Logs/AssetImportWorker0.log
-srvPort
57896
Successfully changed project path to: C:/Users/Totoro/Documents/GitHub/HyperBall
C:/Users/Totoro/Documents/GitHub/HyperBall
Using Asset Import Pipeline V2.
Refreshing native plugins compatible for Editor in 66.82 ms, found 0 plugins.
Preloading 0 native plugins for Editor in 0.00 ms.
Initialize engine version: 2020.2.6f1 (8a2143876886)
[Subsystems] Discovering subsystems at path C:/Program Files/Unity/Hub/Editor/2020.2.6f1/Editor/Data/Resources/UnitySubsystems
[Subsystems] Discovering subsystems at path C:/Users/Totoro/Documents/GitHub/HyperBall/Assets
GfxDevice: creating device client; threaded=0
Direct3D:
    Version:  Direct3D 11.0 [level 11.0]
    Renderer: NVIDIA GeForce 940MX (ID=0x134d)
    Vendor:   
    VRAM:     2010 MB
    Driver:   27.21.14.6172
Shader 'Universal Render Pipeline/Particles/Lit': fallback shader 'Universal Render Pipeline/Particles/SimpleLit' not found
Initialize mono
Mono path[0] = 'C:/Program Files/Unity/Hub/Editor/2020.2.6f1/Editor/Data/Managed'
Mono path[1] = 'C:/Program Files/Unity/Hub/Editor/2020.2.6f1/Editor/Data/MonoBleedingEdge/lib/mono/unityjit'
Mono config path = 'C:/Program Files/Unity/Hub/Editor/2020.2.6f1/Editor/Data/MonoBleedingEdge/etc'
Using monoOptions --debugger-agent=transport=dt_socket,embedding=1,server=y,suspend=n,address=127.0.0.1:56464
Begin MonoManager ReloadAssembly
Registering precompiled unity dll's ...
Register platform support module: C:/Program Files/Unity/Hub/Editor/2020.2.6f1/Editor/Data/PlaybackEngines/WindowsStandaloneSupport/UnityEditor.WindowsStandalone.Extensions.dll
Registered in 0.004677 seconds.
Native extension for WindowsStandalone target not found
Refreshing native plugins compatible for Editor in 56.14 ms, found 0 plugins.
Preloading 0 native plugins for Editor in 0.00 ms.
Invoked RoslynAnalysisRunner static constructor.
RoslynAnalysisRunner will not be running.
RoslynAnalysisRunner has terminated.
Mono: successfully reloaded assembly
- Completed reload, in  4.091 seconds
Platform modules already initialized, skipping
Registering precompiled user dll's ...
Registered in 0.010703 seconds.
Begin MonoManager ReloadAssembly
Native extension for WindowsStandalone target not found
Refreshing native plugins compatible for Editor in 57.06 ms, found 0 plugins.
Preloading 0 native plugins for Editor in 0.00 ms.
Invoked RoslynAnalysisRunner static constructor.
RoslynAnalysisRunner will not be running.
RoslynAnalysisRunner has terminated.
Mono: successfully reloaded assembly
- Completed reload, in  1.315 seconds
Platform modules already initialized, skipping
========================================================================
Worker process is ready to serve import requests
Shader 'Universal Render Pipeline/Particles/Lit': fallback shader 'Universal Render Pipeline/Particles/SimpleLit' not found
Launched and connected shader compiler UnityShaderCompiler.exe after 0.11 seconds
Refreshing native plugins compatible for Editor in 0.45 ms, found 0 plugins.
Preloading 0 native plugins for Editor in 0.00 ms.
Unloading 2451 Unused Serialized files (Serialized files now loaded: 0)
System memory in use before: 113.7 MB.
System memory in use after: 113.9 MB.

Unloading 14 unused Assets to reduce memory usage. Loaded Objects now: 2893.
Total: 3.173700 ms (FindLiveObjects: 0.499700 ms CreateObjectMapping: 0.172500 ms MarkObjects: 2.362700 ms  DeleteObjects: 0.137400 ms)

========================================================================
Received Import Request.
  path: Assets/[Game]/Project/Scripts/SpeedBoost.cs
  artifactKey: Guid(91917ca5b2f01664a83d12abf94f10f3) Importer(815301076,1909f56bfc062723c751e8b465ee728b)
Start importing Assets/[Game]/Project/Scripts/SpeedBoost.cs using Guid(91917ca5b2f01664a83d12abf94f10f3) Importer(815301076,1909f56bfc062723c751e8b465ee728b)  -> (artifact id: '045fbf34528a21e952703ecf18ecd6c1') in 0.075668 seconds
  Import took 0.081194 seconds .

========================================================================
Received Import Request.
  Time since last request: 113.691832 seconds.
  path: Assets/[Game]/Project/Scripts/SpeedBoost.cs
  artifactKey: Guid(91917ca5b2f01664a83d12abf94f10f3) Importer(815301076,1909f56bfc062723c751e8b465ee728b)
Start importing Assets/[Game]/Project/Scripts/SpeedBoost.cs using Guid(91917ca5b2f01664a83d12abf94f10f3) Importer(815301076,1909f56bfc062723c751e8b465ee728b)  -> (artifact id: '5aa868b65e8749b0df2652da7bbd03ef') in 0.006613 seconds
  Import took 0.019752 seconds .

========================================================================
Received Import Request.
  Time since last request: 9.300243 seconds.
  path: Assets/[Game]/Project/Scripts/SpeedBoost.cs
  artifactKey: Guid(91917ca5b2f01664a83d12abf94f10f3) Importer(815301076,1909f56bfc062723c751e8b465ee728b)
Start importing Assets/[Game]/Project/Scripts/SpeedBoost.cs using Guid(91917ca5b2f01664a83d12abf94f10f3) Importer(815301076,1909f56bfc062723c751e8b465ee728b)  -> (artifact id: '0b22bc1e9a5718f2fd36a2af13d4a6e6') in 0.016959 seconds
  Import took 0.033076 seconds .

========================================================================
Received Import Request.
  Time since last request: 0.038609 seconds.
  path: Assets/[Game]/Project/Scripts/SpeedBoost.cs
  artifactKey: Guid(91917ca5b2f01664a83d12abf94f10f3) Importer(815301076,1909f56bfc062723c751e8b465ee728b)
Start importing Assets/[Game]/Project/Scripts/SpeedBoost.cs using Guid(91917ca5b2f01664a83d12abf94f10f3) Importer(815301076,1909f56bfc062723c751e8b465ee728b)  -> (artifact id: '0b22bc1e9a5718f2fd36a2af13d4a6e6') in 0.029328 seconds
  Import took 0.040349 seconds .

========================================================================
Received Import Request.
  Time since last request: 644.605568 seconds.
  path: Assets/[Game]/Project/Scripts/SpeedBoost.cs
  artifactKey: Guid(91917ca5b2f01664a83d12abf94f10f3) Importer(815301076,1909f56bfc062723c751e8b465ee728b)
Start importing Assets/[Game]/Project/Scripts/SpeedBoost.cs using Guid(91917ca5b2f01664a83d12abf94f10f3) Importer(815301076,1909f56bfc062723c751e8b465ee728b)  -> (artifact id: '9206df652a8fbf3737d2fe367986475b') in 0.019706 seconds
  Import took 0.033480 seconds .

========================================================================
Received Import Request.
  Time since last request: 0.085039 seconds.
  path: Assets/[Game]/Project/Scripts/SpeedBoost.cs
  artifactKey: Guid(91917ca5b2f01664a83d12abf94f10f3) Importer(815301076,1909f56bfc062723c751e8b465ee728b)
Start importing Assets/[Game]/Project/Scripts/SpeedBoost.cs using Guid(91917ca5b2f01664a83d12abf94f10f3) Importer(815301076,1909f56bfc062723c751e8b465ee728b)  -> (artifact id: '9206df652a8fbf3737d2fe367986475b') in 0.043137 seconds
  Import took 0.055646 seconds .

========================================================================
Received Import Request.
  Time since last request: 966.615563 seconds.
  path: Assets/[Game]/Project/Scripts/SpeedBoost.cs
  artifactKey: Guid(91917ca5b2f01664a83d12abf94f10f3) Importer(815301076,1909f56bfc062723c751e8b465ee728b)
Start importing Assets/[Game]/Project/Scripts/SpeedBoost.cs using Guid(91917ca5b2f01664a83d12abf94f10f3) Importer(815301076,1909f56bfc062723c751e8b465ee728b)  -> (artifact id: 'c507430eb1fea343fe53d4dbc313a9ac') in 0.022257 seconds
  Import took 0.034918 seconds .

========================================================================
Received Import Request.
  Time since last request: 0.058331 seconds.
  path: Assets/[Game]/Project/Scripts/SpeedBoost.cs
  artifactKey: Guid(91917ca5b2f01664a83d12abf94f10f3) Importer(815301076,1909f56bfc062723c751e8b465ee728b)
Start importing Assets/[Game]/Project/Scripts/SpeedBoost.cs using Guid(91917ca5b2f01664a83d12abf94f10f3) Importer(815301076,1909f56bfc062723c751e8b465ee728b)  -> (artifact id: 'c507430eb1fea343fe53d4dbc313a9ac') in 0.026715 seconds
  Import took 0.047890 seconds .

========================================================================
Received Import Request.
  Time since last request: 42.751311 seconds.
  path: Assets/[Game]/Project/Scripts/SpeedBoost.cs
  artifactKey: Guid(91917ca5b2f01664a83d12abf94f10f3) Importer(815301076,1909f56bfc062723c751e8b465ee728b)
Start importing Assets/[Game]/Project/Scripts/SpeedBoost.cs using Guid(91917ca5b2f01664a83d12abf94f10f3) Importer(815301076,1909f56bfc062723c751e8b465ee728b)  -> (artifact id: '31b95678d7e18345f47f7cf34efdc3b6') in 0.014444 seconds
  Import took 0.034007 seconds .

========================================================================
Received Import Request.
  Time since last request: 0.044247 seconds.
  path: Assets/[Game]/Project/Scripts/SpeedBoost.cs
  artifactKey: Guid(91917ca5b2f01664a83d12abf94f10f3) Importer(815301076,1909f56bfc062723c751e8b465ee728b)
Start importing Assets/[Game]/Project/Scripts/SpeedBoost.cs using Guid(91917ca5b2f01664a83d12abf94f10f3) Importer(815301076,1909f56bfc062723c751e8b465ee728b)  -> (artifact id: '31b95678d7e18345f47f7cf34efdc3b6') in 0.017399 seconds
  Import took 0.037128 seconds .

========================================================================
Received Prepare
Registering precompiled user dll's ...
Registered in 0.004365 seconds.
Begin MonoManager ReloadAssembly
Native extension for WindowsStandalone target not found
Refreshing native plugins compatible for Editor in 0.89 ms, found 0 plugins.
Preloading 0 native plugins for Editor in 0.00 ms.
Invoked RoslynAnalysisRunner static constructor.
RoslynAnalysisRunner will not be running.
RoslynAnalysisRunner has terminated.
Mono: successfully reloaded assembly
- Completed reload, in  1.368 seconds
Platform modules already initialized, skipping
Switching build target platform(5) subTarget(0) extendedPlatform(0) -> platform(13) subTarget(537395200) extendedPlatform(0)
Shader 'Universal Render Pipeline/Particles/Lit': fallback shader 'Universal Render Pipeline/Particles/SimpleLit' not found
Refreshing native plugins compatible for Editor in 0.52 ms, found 0 plugins.
Preloading 0 native plugins for Editor in 0.00 ms.
Unloading 2343 Unused Serialized files (Serialized files now loaded: 0)
System memory in use before: 107.3 MB.
System memory in use after: 107.5 MB.

Unloading 9 unused Assets to reduce memory usage. Loaded Objects now: 2895.
Total: 2.626500 ms (FindLiveObjects: 0.315100 ms CreateObjectMapping: 0.146400 ms MarkObjects: 2.092900 ms  DeleteObjects: 0.070100 ms)

AssetImportParameters requested are different than current active one (requested -> active):
  custom:graphics/normal-map-encoding: 01000000000000000000000000000000 -> 02000000000000000000000000000000
========================================================================
Received Prepare
Registering precompiled user dll's ...
Registered in 0.004632 seconds.
Begin MonoManager ReloadAssembly
Native extension for WindowsStandalone target not found
Refreshing native plugins compatible for Editor in 0.48 ms, found 0 plugins.
Preloading 0 native plugins for Editor in 0.00 ms.
Invoked RoslynAnalysisRunner static constructor.
RoslynAnalysisRunner will not be running.
RoslynAnalysisRunner has terminated.
Mono: successfully reloaded assembly
- Completed reload, in  1.413 seconds
Platform modules already initialized, skipping
Switching build target platform(5) subTarget(0) extendedPlatform(0) -> platform(13) subTarget(537395200) extendedPlatform(0)
Shader 'Universal Render Pipeline/Particles/Lit': fallback shader 'Universal Render Pipeline/Particles/SimpleLit' not found
Refreshing native plugins compatible for Editor in 0.53 ms, found 0 plugins.
Preloading 0 native plugins for Editor in 0.00 ms.
Unloading 2343 Unused Serialized files (Serialized files now loaded: 0)
System memory in use before: 107.3 MB.
System memory in use after: 107.5 MB.

Unloading 9 unused Assets to reduce memory usage. Loaded Objects now: 2897.
Total: 2.820400 ms (FindLiveObjects: 0.485700 ms CreateObjectMapping: 0.246400 ms MarkObjects: 2.018900 ms  DeleteObjects: 0.067800 ms)

AssetImportParameters requested are different than current active one (requested -> active):
  custom:graphics/normal-map-encoding: 01000000000000000000000000000000 -> 02000000000000000000000000000000
========================================================================
Received Prepare
Registering precompiled user dll's ...
Registered in 0.004490 seconds.
Begin MonoManager ReloadAssembly
Native extension for WindowsStandalone target not found
Refreshing native plugins compatible for Editor in 0.47 ms, found 0 plugins.
Preloading 0 native plugins for Editor in 0.00 ms.
Invoked RoslynAnalysisRunner static constructor.
RoslynAnalysisRunner will not be running.
RoslynAnalysisRunner has terminated.
Mono: successfully reloaded assembly
- Completed reload, in  1.218 seconds
Platform modules already initialized, skipping
Switching build target platform(5) subTarget(0) extendedPlatform(0) -> platform(13) subTarget(537395200) extendedPlatform(0)
Shader 'Universal Render Pipeline/Particles/Lit': fallback shader 'Universal Render Pipeline/Particles/SimpleLit' not found
Refreshing native plugins compatible for Editor in 0.48 ms, found 0 plugins.
Preloading 0 native plugins for Editor in 0.00 ms.
Unloading 2343 Unused Serialized files (Serialized files now loaded: 0)
System memory in use before: 107.3 MB.
System memory in use after: 107.5 MB.

Unloading 9 unused Assets to reduce memory usage. Loaded Objects now: 2899.
Total: 2.671000 ms (FindLiveObjects: 0.382600 ms CreateObjectMapping: 0.171400 ms MarkObjects: 2.050800 ms  DeleteObjects: 0.065000 ms)

AssetImportParameters requested are different than current active one (requested -> active):
  custom:graphics/normal-map-encoding: 01000000000000000000000000000000 -> 02000000000000000000000000000000
========================================================================
Received Prepare
Registering precompiled user dll's ...
Registered in 0.004199 seconds.
Begin MonoManager ReloadAssembly
Native extension for WindowsStandalone target not found
Refreshing native plugins compatible for Editor in 0.46 ms, found 0 plugins.
Preloading 0 native plugins for Editor in 0.00 ms.
Invoked RoslynAnalysisRunner static constructor.
RoslynAnalysisRunner will not be running.
RoslynAnalysisRunner has terminated.
Mono: successfully reloaded assembly
- Completed reload, in  1.302 seconds
Platform modules already initialized, skipping
Switching build target platform(5) subTarget(0) extendedPlatform(0) -> platform(13) subTarget(537395200) extendedPlatform(0)
Shader 'Universal Render Pipeline/Particles/Lit': fallback shader 'Universal Render Pipeline/Particles/SimpleLit' not found
Refreshing native plugins compatible for Editor in 0.58 ms, found 0 plugins.
Preloading 0 native plugins for Editor in 0.00 ms.
Unloading 2343 Unused Serialized files (Serialized files now loaded: 0)
System memory in use before: 107.4 MB.
System memory in use after: 107.5 MB.

Unloading 9 unused Assets to reduce memory usage. Loaded Objects now: 2901.
Total: 2.538200 ms (FindLiveObjects: 0.292200 ms CreateObjectMapping: 0.140600 ms MarkObjects: 2.036900 ms  DeleteObjects: 0.066600 ms)

AssetImportParameters requested are different than current active one (requested -> active):
  custom:graphics/normal-map-encoding: 01000000000000000000000000000000 -> 02000000000000000000000000000000
========================================================================
Received Prepare
Registering precompiled user dll's ...
Registered in 0.007150 seconds.
Begin MonoManager ReloadAssembly
Native extension for WindowsStandalone target not found
Refreshing native plugins compatible for Editor in 0.56 ms, found 0 plugins.
Preloading 0 native plugins for Editor in 0.00 ms.
Invoked RoslynAnalysisRunner static constructor.
RoslynAnalysisRunner will not be running.
RoslynAnalysisRunner has terminated.
Mono: successfully reloaded assembly
- Completed reload, in  1.402 seconds
Platform modules already initialized, skipping
Switching build target platform(5) subTarget(0) extendedPlatform(0) -> platform(13) subTarget(537395200) extendedPlatform(0)
Shader 'Universal Render Pipeline/Particles/Lit': fallback shader 'Universal Render Pipeline/Particles/SimpleLit' not found
Refreshing native plugins compatible for Editor in 0.90 ms, found 0 plugins.
Preloading 0 native plugins for Editor in 0.00 ms.
Unloading 2343 Unused Serialized files (Serialized files now loaded: 0)
System memory in use before: 107.3 MB.
System memory in use after: 107.5 MB.

Unloading 9 unused Assets to reduce memory usage. Loaded Objects now: 2903.
Total: 3.206100 ms (FindLiveObjects: 0.347100 ms CreateObjectMapping: 0.127900 ms MarkObjects: 2.640100 ms  DeleteObjects: 0.088900 ms)

AssetImportParameters requested are different than current active one (requested -> active):
  custom:graphics/normal-map-encoding: 01000000000000000000000000000000 -> 02000000000000000000000000000000
========================================================================
Received Prepare
Registering precompiled user dll's ...
Registered in 0.003797 seconds.
Begin MonoManager ReloadAssembly
Native extension for WindowsStandalone target not found
Refreshing native plugins compatible for Editor in 0.44 ms, found 0 plugins.
Preloading 0 native plugins for Editor in 0.00 ms.
Invoked RoslynAnalysisRunner static constructor.
RoslynAnalysisRunner will not be running.
RoslynAnalysisRunner has terminated.
Mono: successfully reloaded assembly
- Completed reload, in  1.293 seconds
Platform modules already initialized, skipping
Switching build target platform(5) subTarget(0) extendedPlatform(0) -> platform(13) subTarget(537395200) extendedPlatform(0)
Shader 'Universal Render Pipeline/Particles/Lit': fallback shader 'Universal Render Pipeline/Particles/SimpleLit' not found
Refreshing native plugins compatible for Editor in 0.68 ms, found 0 plugins.
Preloading 0 native plugins for Editor in 0.00 ms.
Unloading 2343 Unused Serialized files (Serialized files now loaded: 0)
System memory in use before: 107.4 MB.
System memory in use after: 107.6 MB.

Unloading 9 unused Assets to reduce memory usage. Loaded Objects now: 2905.
Total: 3.357500 ms (FindLiveObjects: 0.339400 ms CreateObjectMapping: 0.204400 ms MarkObjects: 2.740600 ms  DeleteObjects: 0.071300 ms)

AssetImportParameters requested are different than current active one (requested -> active):
  custom:graphics/normal-map-encoding: 01000000000000000000000000000000 -> 02000000000000000000000000000000
========================================================================
Received Prepare
Registering precompiled user dll's ...
Registered in 0.004222 seconds.
Begin MonoManager ReloadAssembly
Native extension for WindowsStandalone target not found
Refreshing native plugins compatible for Editor in 0.54 ms, found 0 plugins.
Preloading 0 native plugins for Editor in 0.00 ms.
Invoked RoslynAnalysisRunner static constructor.
RoslynAnalysisRunner will not be running.
RoslynAnalysisRunner has terminated.
Mono: successfully reloaded assembly
- Completed reload, in  1.289 seconds
Platform modules already initialized, skipping
Switching build target platform(5) subTarget(0) extendedPlatform(0) -> platform(13) subTarget(537395200) extendedPlatform(0)
Shader 'Universal Render Pipeline/Particles/Lit': fallback shader 'Universal Render Pipeline/Particles/SimpleLit' not found
Refreshing native plugins compatible for Editor in 0.83 ms, found 0 plugins.
Preloading 0 native plugins for Editor in 0.00 ms.
Unloading 2343 Unused Serialized files (Serialized files now loaded: 0)
System memory in use before: 107.4 MB.
System memory in use after: 107.6 MB.

Unloading 9 unused Assets to reduce memory usage. Loaded Objects now: 2907.
Total: 3.338700 ms (FindLiveObjects: 0.614500 ms CreateObjectMapping: 0.214400 ms MarkObjects: 2.393700 ms  DeleteObjects: 0.114500 ms)

AssetImportParameters requested are different than current active one (requested -> active):
  custom:graphics/normal-map-encoding: 01000000000000000000000000000000 -> 02000000000000000000000000000000
========================================================================
Received Prepare
Registering precompiled user dll's ...
Registered in 0.004400 seconds.
Begin MonoManager ReloadAssembly
Native extension for WindowsStandalone target not found
Refreshing native plugins compatible for Editor in 0.47 ms, found 0 plugins.
Preloading 0 native plugins for Editor in 0.00 ms.
Invoked RoslynAnalysisRunner static constructor.
RoslynAnalysisRunner will not be running.
RoslynAnalysisRunner has terminated.
Mono: successfully reloaded assembly
- Completed reload, in  1.302 seconds
Platform modules already initialized, skipping
Switching build target platform(5) subTarget(0) extendedPlatform(0) -> platform(13) subTarget(537395200) extendedPlatform(0)
Shader 'Universal Render Pipeline/Particles/Lit': fallback shader 'Universal Render Pipeline/Particles/SimpleLit' not found
Refreshing native plugins compatible for Editor in 0.64 ms, found 0 plugins.
Preloading 0 native plugins for Editor in 0.00 ms.
Unloading 2343 Unused Serialized files (Serialized files now loaded: 0)
System memory in use before: 107.4 MB.
System memory in use after: 107.6 MB.

Unloading 9 unused Assets to reduce memory usage. Loaded Objects now: 2909.
Total: 3.443100 ms (FindLiveObjects: 0.439300 ms CreateObjectMapping: 0.232400 ms MarkObjects: 2.680800 ms  DeleteObjects: 0.088300 ms)

AssetImportParameters requested are different than current active one (requested -> active):
  custom:graphics/normal-map-encoding: 01000000000000000000000000000000 -> 02000000000000000000000000000000
========================================================================
Received Prepare
Registering precompiled user dll's ...
Registered in 0.004993 seconds.
Begin MonoManager ReloadAssembly
Native extension for WindowsStandalone target not found
Refreshing native plugins compatible for Editor in 0.47 ms, found 0 plugins.
Preloading 0 native plugins for Editor in 0.00 ms.
Invoked RoslynAnalysisRunner static constructor.
RoslynAnalysisRunner will not be running.
RoslynAnalysisRunner has terminated.
Mono: successfully reloaded assembly
- Completed reload, in  1.349 seconds
Platform modules already initialized, skipping
Switching build target platform(5) subTarget(0) extendedPlatform(0) -> platform(13) subTarget(537395200) extendedPlatform(0)
Shader 'Universal Render Pipeline/Particles/Lit': fallback shader 'Universal Render Pipeline/Particles/SimpleLit' not found
Refreshing native plugins compatible for Editor in 0.51 ms, found 0 plugins.
Preloading 0 native plugins for Editor in 0.00 ms.
Unloading 2343 Unused Serialized files (Serialized files now loaded: 0)
System memory in use before: 107.4 MB.
System memory in use after: 107.6 MB.

Unloading 9 unused Assets to reduce memory usage. Loaded Objects now: 2911.
Total: 3.139000 ms (FindLiveObjects: 0.313400 ms CreateObjectMapping: 0.244000 ms MarkObjects: 2.516700 ms  DeleteObjects: 0.063600 ms)

AssetImportParameters requested are different than current active one (requested -> active):
  custom:graphics/normal-map-encoding: 01000000000000000000000000000000 -> 02000000000000000000000000000000
========================================================================
Received Prepare
Registering precompiled user dll's ...
Registered in 0.003967 seconds.
Begin MonoManager ReloadAssembly
Native extension for WindowsStandalone target not found
Refreshing native plugins compatible for Editor in 0.46 ms, found 0 plugins.
Preloading 0 native plugins for Editor in 0.00 ms.
Invoked RoslynAnalysisRunner static constructor.
RoslynAnalysisRunner will not be running.
RoslynAnalysisRunner has terminated.
Mono: successfully reloaded assembly
- Completed reload, in  1.784 seconds
Platform modules already initialized, skipping
Switching build target platform(5) subTarget(0) extendedPlatform(0) -> platform(13) subTarget(537395200) extendedPlatform(0)
Shader 'Universal Render Pipeline/Particles/Lit': fallback shader 'Universal Render Pipeline/Particles/SimpleLit' not found
Refreshing native plugins compatible for Editor in 1.26 ms, found 0 plugins.
Preloading 0 native plugins for Editor in 0.00 ms.
Unloading 2343 Unused Serialized files (Serialized files now loaded: 0)
System memory in use before: 107.3 MB.
System memory in use after: 107.5 MB.

Unloading 9 unused Assets to reduce memory usage. Loaded Objects now: 2913.
Total: 2.939000 ms (FindLiveObjects: 0.306300 ms CreateObjectMapping: 0.140800 ms MarkObjects: 2.415800 ms  DeleteObjects: 0.071700 ms)

AssetImportParameters requested are different than current active one (requested -> active):
  custom:graphics/normal-map-encoding: 01000000000000000000000000000000 -> 02000000000000000000000000000000
========================================================================
Received Prepare
Registering precompiled user dll's ...
Registered in 0.007018 seconds.
Begin MonoManager ReloadAssembly
Native extension for WindowsStandalone target not found
Refreshing native plugins compatible for Editor in 0.43 ms, found 0 plugins.
Preloading 0 native plugins for Editor in 0.00 ms.
Invoked RoslynAnalysisRunner static constructor.
RoslynAnalysisRunner will not be running.
RoslynAnalysisRunner has terminated.
Mono: successfully reloaded assembly
- Completed reload, in  1.517 seconds
Platform modules already initialized, skipping
Switching build target platform(5) subTarget(0) extendedPlatform(0) -> platform(13) subTarget(537395200) extendedPlatform(0)
Shader 'Universal Render Pipeline/Particles/Lit': fallback shader 'Universal Render Pipeline/Particles/SimpleLit' not found
Refreshing native plugins compatible for Editor in 0.58 ms, found 0 plugins.
Preloading 0 native plugins for Editor in 0.00 ms.
Unloading 2343 Unused Serialized files (Serialized files now loaded: 0)
System memory in use before: 107.4 MB.
System memory in use after: 107.6 MB.

Unloading 9 unused Assets to reduce memory usage. Loaded Objects now: 2915.
Total: 3.377700 ms (FindLiveObjects: 0.361200 ms CreateObjectMapping: 0.164500 ms MarkObjects: 2.780900 ms  DeleteObjects: 0.069700 ms)

AssetImportParameters requested are different than current active one (requested -> active):
  custom:graphics/normal-map-encoding: 01000000000000000000000000000000 -> 02000000000000000000000000000000
AssetImportWorkerClient::OnTransportError - code=2 error=End of file
